<?xml version="1.0" encoding="UTF-8"?>
<testsuite name="com.example.wed_connect.WedConnectApplicationTests" tests="1" skipped="0" failures="0" errors="0" timestamp="2024-10-20T07:58:39" hostname="Dragomilas-MacBook-Air.local" time="0.86">
  <properties/>
  <testcase name="contextLoads()" classname="com.example.wed_connect.WedConnectApplicationTests" time="0.86"/>
  <system-out><![CDATA[10:58:32.023 [Test worker] INFO org.springframework.test.context.support.AnnotationConfigContextLoaderUtils -- Could not detect default configuration classes for test class [com.example.wed_connect.WedConnectApplicationTests]: WedConnectApplicationTests does not declare any static, non-private, non-final, nested classes annotated with @Configuration.
10:58:32.158 [Test worker] INFO org.springframework.boot.test.context.SpringBootTestContextBootstrapper -- Found @SpringBootConfiguration com.example.wed_connect.WedConnectApplication for test class com.example.wed_connect.WedConnectApplicationTests

  .   ____          _            __ _ _
 /\\ / ___'_ __ _ _(_)_ __  __ _ \ \ \ \
( ( )\___ | '_ | '_| | '_ \/ _` | \ \ \ \
 \\/  ___)| |_)| | | | | || (_| |  ) ) ) )
  '  |____| .__|_| |_|_| |_\__, | / / / /
 =========|_|==============|___/=/_/_/_/

 :: Spring Boot ::                (v3.3.1)

2024-10-20T10:58:32.723+03:00  INFO 23357 --- [wed_connect] [    Test worker] c.e.w.WedConnectApplicationTests         : Starting WedConnectApplicationTests using Java 21.0.3 with PID 23357 (started by dragomila in /Users/dragomila/GITHUB/WedConnect)
2024-10-20T10:58:32.725+03:00  INFO 23357 --- [wed_connect] [    Test worker] c.e.w.WedConnectApplicationTests         : No active profile set, falling back to 1 default profile: "default"
2024-10-20T10:58:33.962+03:00  INFO 23357 --- [wed_connect] [    Test worker] .s.d.r.c.RepositoryConfigurationDelegate : Bootstrapping Spring Data JPA repositories in DEFAULT mode.
2024-10-20T10:58:34.065+03:00  INFO 23357 --- [wed_connect] [    Test worker] .s.d.r.c.RepositoryConfigurationDelegate : Finished Spring Data repository scanning in 82 ms. Found 4 JPA repository interfaces.
2024-10-20T10:58:34.865+03:00  INFO 23357 --- [wed_connect] [    Test worker] o.hibernate.jpa.internal.util.LogHelper  : HHH000204: Processing PersistenceUnitInfo [name: default]
2024-10-20T10:58:34.906+03:00  INFO 23357 --- [wed_connect] [    Test worker] org.hibernate.Version                    : HHH000412: Hibernate ORM core version 6.5.2.Final
2024-10-20T10:58:34.941+03:00  INFO 23357 --- [wed_connect] [    Test worker] o.h.c.internal.RegionFactoryInitiator    : HHH000026: Second-level cache disabled
2024-10-20T10:58:35.396+03:00  INFO 23357 --- [wed_connect] [    Test worker] o.s.o.j.p.SpringPersistenceUnitInfo      : No LoadTimeWeaver setup: ignoring JPA class transformer
2024-10-20T10:58:35.458+03:00  INFO 23357 --- [wed_connect] [    Test worker] com.zaxxer.hikari.HikariDataSource       : HikariPool-1 - Starting...
2024-10-20T10:58:36.022+03:00  INFO 23357 --- [wed_connect] [    Test worker] com.zaxxer.hikari.pool.HikariPool        : HikariPool-1 - Added connection com.mysql.cj.jdbc.ConnectionImpl@238ad211
2024-10-20T10:58:36.025+03:00  INFO 23357 --- [wed_connect] [    Test worker] com.zaxxer.hikari.HikariDataSource       : HikariPool-1 - Start completed.
2024-10-20T10:58:37.236+03:00  INFO 23357 --- [wed_connect] [    Test worker] o.h.e.t.j.p.i.JtaPlatformInitiator       : HHH000489: No JTA platform available (set 'hibernate.transaction.jta.platform' to enable JTA platform integration)
2024-10-20T10:58:37.471+03:00  INFO 23357 --- [wed_connect] [    Test worker] j.LocalContainerEntityManagerFactoryBean : Initialized JPA EntityManagerFactory for persistence unit 'default'
2024-10-20T10:58:38.122+03:00  INFO 23357 --- [wed_connect] [    Test worker] o.s.d.j.r.query.QueryEnhancerFactory     : Hibernate is in classpath; If applicable, HQL parser will be used.
2024-10-20T10:58:38.886+03:00  WARN 23357 --- [wed_connect] [    Test worker] JpaBaseConfiguration$JpaWebConfiguration : spring.jpa.open-in-view is enabled by default. Therefore, database queries may be performed during view rendering. Explicitly configure spring.jpa.open-in-view to disable this warning
2024-10-20T10:58:38.934+03:00  INFO 23357 --- [wed_connect] [    Test worker] o.s.b.a.w.s.WelcomePageHandlerMapping    : Adding welcome page template: index
2024-10-20T10:58:39.833+03:00  INFO 23357 --- [wed_connect] [    Test worker] c.e.w.WedConnectApplicationTests         : Started WedConnectApplicationTests in 7.486 seconds (process running for 9.093)
]]></system-out>
  <system-err><![CDATA[WARNING: A Java agent has been loaded dynamically (/Users/dragomila/.gradle/caches/modules-2/files-2.1/net.bytebuddy/byte-buddy-agent/1.14.17/e3c251a39dc90badaf71c83427ba46840f219d8d/byte-buddy-agent-1.14.17.jar)
WARNING: If a serviceability tool is in use, please run with -XX:+EnableDynamicAgentLoading to hide this warning
WARNING: If a serviceability tool is not in use, please run with -Djdk.instrument.traceUsage for more information
WARNING: Dynamic loading of agents will be disallowed by default in a future release
]]></system-err>
</testsuite>
